{
  "RSpec": {
    "coverage": {
      "/Users/student/Desktop/makers/bank-tech-test/spec/account_spec.rb": {
        "lines": [
          1,
          null,
          1,
          11,
          11,
          null,
          1,
          10,
          null,
          null,
          2,
          2,
          null,
          1,
          1,
          null,
          null,
          1,
          1,
          2,
          null,
          null,
          1,
          1,
          null,
          1,
          null,
          null,
          1,
          1,
          1,
          null,
          2,
          null,
          null,
          null,
          null,
          1,
          1,
          1,
          null,
          2,
          null,
          null,
          1,
          1,
          null,
          1,
          null,
          1,
          null,
          null,
          1,
          1,
          1,
          1,
          null,
          2,
          null,
          null,
          null,
          1,
          1,
          1,
          null,
          2,
          null,
          null,
          null,
          null
        ]
      },
      "/Users/student/Desktop/makers/bank-tech-test/lib/account.rb": {
        "lines": [
          1,
          null,
          1,
          null,
          1,
          10,
          10,
          null,
          null,
          1,
          6,
          5,
          5,
          null,
          null,
          1,
          4,
          3,
          2,
          2,
          null,
          null
        ]
      }
    },
    "timestamp": 1592288908
  }
}
